Start auto log messages stack - Iteration 22.	[MsgId: MMSG-10545]
Starting action Action.	[MsgId: MMSG-15919]
Action.c(3): timestamp1 = 20180329173003	[MsgId: MMSG-17999]
Action.c(4): svc_number = 17000404343	[MsgId: MMSG-17999]
/tmp/brr_KEEwt2/netdir/H/\260\354\271\253\316\304\265\265/\320\324\304\334\317\340\271\330/\270\367\275\323\277\332\275\305\261\276/\302\251\265\347\261\344\270\374/Action.c(5): Registering web_reg_find was successful  	[MsgId: MMSG-26390]
Action.c(7): Notify: Transaction "ldbg" started.	[MsgId: MMSG-16999]
/tmp/brr_KEEwt2/netdir/H/\260\354\271\253\316\304\265\265/\320\324\304\334\317\340\271\330/\270\367\275\323\277\332\275\305\261\276/\302\251\265\347\261\344\270\374/Action.c(9): Error -26366: "Text=SUCCESS" not found for web_reg_find  	[MsgId: MERR-26366]
End auto log messages stack.	[MsgId: MMSG-10544]

Start auto log messages stack - Iteration 32.	[MsgId: MMSG-10545]
Starting action Action.	[MsgId: MMSG-15919]
Action.c(3): timestamp1 = 20180329173026	[MsgId: MMSG-17999]
Action.c(4): svc_number = 17000404353	[MsgId: MMSG-17999]
/tmp/brr_KEEwt2/netdir/H/\260\354\271\253\316\304\265\265/\320\324\304\334\317\340\271\330/\270\367\275\323\277\332\275\305\261\276/\302\251\265\347\261\344\270\374/Action.c(5): Registering web_reg_find was successful  	[MsgId: MMSG-26390]
Action.c(7): Notify: Transaction "ldbg" started.	[MsgId: MMSG-16999]
/tmp/brr_KEEwt2/netdir/H/\260\354\271\253\316\304\265\265/\320\324\304\334\317\340\271\330/\270\367\275\323\277\332\275\305\261\276/\302\251\265\347\261\344\270\374/Action.c(9): Error -26366: "Text=SUCCESS" not found for web_reg_find  	[MsgId: MERR-26366]
End auto log messages stack.	[MsgId: MMSG-10544]

Start auto log messages stack - Iteration 67.	[MsgId: MMSG-10545]
Starting action Action.	[MsgId: MMSG-15919]
Action.c(3): timestamp1 = 20180329173135	[MsgId: MMSG-17999]
Action.c(4): svc_number = 17000404388	[MsgId: MMSG-17999]
/tmp/brr_KEEwt2/netdir/H/\260\354\271\253\316\304\265\265/\320\324\304\334\317\340\271\330/\270\367\275\323\277\332\275\305\261\276/\302\251\265\347\261\344\270\374/Action.c(5): Registering web_reg_find was successful  	[MsgId: MMSG-26390]
Action.c(7): Notify: Transaction "ldbg" started.	[MsgId: MMSG-16999]
/tmp/brr_KEEwt2/netdir/H/\260\354\271\253\316\304\265\265/\320\324\304\334\317\340\271\330/\270\367\275\323\277\332\275\305\261\276/\302\251\265\347\261\344\270\374/Action.c(9): Error -26366: "Text=SUCCESS" not found for web_reg_find  	[MsgId: MERR-26366]
End auto log messages stack.	[MsgId: MMSG-10544]

Start auto log messages stack - Iteration 99.	[MsgId: MMSG-10545]
Starting action Action.	[MsgId: MMSG-15919]
Action.c(3): timestamp1 = 20180329173247	[MsgId: MMSG-17999]
Action.c(4): svc_number = 17000404420	[MsgId: MMSG-17999]
/tmp/brr_KEEwt2/netdir/H/\260\354\271\253\316\304\265\265/\320\324\304\334\317\340\271\330/\270\367\275\323\277\332\275\305\261\276/\302\251\265\347\261\344\270\374/Action.c(5): Registering web_reg_find was successful  	[MsgId: MMSG-26390]
Action.c(7): Notify: Transaction "ldbg" started.	[MsgId: MMSG-16999]
/tmp/brr_KEEwt2/netdir/H/\260\354\271\253\316\304\265\265/\320\324\304\334\317\340\271\330/\270\367\275\323\277\332\275\305\261\276/\302\251\265\347\261\344\270\374/Action.c(9): Error -26366: "Text=SUCCESS" not found for web_reg_find  	[MsgId: MERR-26366]
End auto log messages stack.	[MsgId: MMSG-10544]

