Wed, 18 Apr 2018 18:24:28 SuperAccount.py[line:61] DEBUG This is debug message svc_number : 17070170547
Wed, 18 Apr 2018 18:24:28 SuperAccount.py[line:74] DEBUG This is debug message json_data : {
    "service_name": "blankcard_register_account_model", 
    "api_name": "cu.vop.model_product.blankcard_register_account_model", 
    "timestamp": "2018-04-18 18:24:27", 
    "service_type": "model_product", 
    "serial_number": "OJvWpmI20180418182427540763478", 
    "mvnokey": "OJvWpmI", 
    "data": {
        "phone_number": 17070170547, 
        "customer": {
            "cert_type_code": "01", 
            "cert_address": "\u5317\u4eac", 
            "cust_name": "\u738b\u4e09", 
            "cert_code": "220111198603010011"
        }, 
        "service_class_code": "4G", 
        "order_id": "OJvWpmI201804181824275407634780000", 
        "iccid": "89860119900001780680", 
        "user_property": "postpaid", 
        "mproducts": [
            {
                "mproduct_id": "PR_0005", 
                "packages": [
                    {
                        "package_id": "PK_0033", 
                        "discnts": [
                            {
                                "action_type": "order", 
                                "discnt_id": "ZE_0111"
                            }
                        ]
                    }, 
                    {
                        "package_id": "PK_0035", 
                        "discnts": [
                            {
                                "action_type": "order", 
                                "discnt_id": "PE_0119"
                            }
                        ]
                    }, 
                    {
                        "package_id": "PK_0043", 
                        "discnts": [
                            {
                                "action_type": "order", 
                                "discnt_id": "PE_0129"
                            }
                        ]
                    }, 
                    {
                        "package_id": "PK_0042", 
                        "discnts": [
                            {
                                "action_type": "order", 
                                "discnt_id": "PE_0126"
                            }
                        ]
                    }, 
                    {
                        "package_id": "PK_0040", 
                        "discnts": [
                            {
                                "action_type": "order", 
                                "discnt_id": "PE_0124"
                            }
                        ]
                    }
                ], 
                "action_type": "order"
            }
        ], 
        "imsi": "460010177812443"
    }
}
Wed, 18 Apr 2018 18:24:28 connectionpool.py[line:824] DEBUG Starting new HTTPS connection (1): 10.124.1.7
Wed, 18 Apr 2018 18:24:31 connectionpool.py[line:396] DEBUG https://10.124.1.7:8006 "POST /OSN/vop/model_product/blankcard_register_account_model/v3?token=hcOPBgJ4dB8WBy1V5nrpGaIqaP2INnrhRd0IZ4GflgtCPWsY HTTP/1.1" 200 44
Wed, 18 Apr 2018 18:24:33 connectionpool.py[line:208] DEBUG Starting new HTTP connection (1): 10.124.1.7
Wed, 18 Apr 2018 18:24:34 connectionpool.py[line:396] DEBUG http://10.124.1.7:8000 "POST /OSN/services/VOPForOrderCompleteNotifySer HTTP/1.1" 200 None
